6 [4132329216] INFO perfrun.launcher <> - Launcher main begin
12 [4132329216] INFO perfrun.launcher <> - MessageCatalogInit finished
12 [4132329216] INFO perfrun.launcher <> - Launcher instance created
12 [4132329216] INFO perfrun.launcher <> - argc = 6; cmdline = /opt/intel/oneapi/vtune/2025.7/bin32/amplxe-runss -dump-vdso -r /home/gabriel/Desktop/Parallel-Multiscale-Feature-Extraction/serial/r000hs --tmp-dir /tmp/amplxe-tmp-gabriel 
29 [4132329216] INFO perfrun.launcher <> - create msngr2::ICliToolContext
29 [4132329216] INFO perfrun.launcher <> - create file finder object
32 [4131797824] INFO perfrun.launcher <> - plugin [remoteplug] was disabled because it doesn't support the given collection type.
32 [4131797824] INFO perfrun.launcher <> - plugin [] was disabled because it doesn't support the given collection type.
32 [4131797824] INFO perfrun.vdso <> - dumping [vdso] pseudomodule
33 [4131797824] INFO perfrun.launcher <> - plugin [] was disabled because it doesn't support the given collection type.
33 [4131797824] INFO perfrun.launcher <> - plugin [] was disabled because it doesn't support the given collection type.
33 [4131797824] INFO perfrun.launcher <> - plugin [] was disabled because it doesn't support the given collection type.
33 [4131797824] INFO perfrun.launcher <> - plugin [] was disabled because it doesn't support the given collection type.
33 [4131797824] INFO perfrun.launcher <> - plugin [] was disabled because it doesn't support the given collection type.
33 [4131797824] INFO perfrun.launcher <> - plugin [] was disabled because it doesn't support the given collection type.
33 [4131797824] INFO perfrun.launcher <> - plugin [] was disabled because it doesn't support the given collection type.
33 [4131797824] INFO perfrun.launcher <> - plugin [] was disabled because it doesn't support the given collection type.
33 [4131797824] INFO perfrun.launcher <> - plugin [] was disabled because it doesn't support the given collection type.
33 [4131797824] INFO perfrun.launcher <> - plugin [] was disabled because it doesn't support the given collection type.
33 [4131797824] INFO perfrun.launcher <> - plugin [] was disabled because it doesn't support the given collection type.
33 [4131797824] INFO perfrun.launcher <> - plugin [] was disabled because it doesn't support the given collection type.
33 [4131797824] INFO perfrun.launcher <> - plugin [] was disabled because it doesn't support the given collection type.
33 [4131797824] INFO perfrun.launcher <> - plugin [] was disabled because it doesn't support the given collection type.
33 [4131797824] INFO perfrun.launcher <> - plugin [] was disabled because it doesn't support the given collection type.
33 [4131797824] INFO perfrun.launcher <> - plugin [] was disabled because it doesn't support the given collection type.
33 [4131797824] INFO perfrun.launcher <> - plugin [] was disabled because it doesn't support the given collection type.
33 [4131797824] INFO perfrun.launcher <> - plugin [] was disabled because it doesn't support the given collection type.
33 [4131797824] INFO perfrun.launcher <> - plugin [] was disabled because it doesn't support the given collection type.
33 [4131797824] INFO perfrun.launcher <> - plugin [] was disabled because it doesn't support the given collection type.
33 [4131797824] INFO perfrun.launcher <> - plugin [] was disabled because it doesn't support the given collection type.
33 [4131797824] INFO perfrun.launcher <> - plugin [] was disabled because it doesn't support the given collection type.
33 [4131797824] INFO perfrun.launcher <> - plugin [] was disabled because it doesn't support the given collection type.
33 [4131797824] INFO perfrun.launcher <> - plugin [] was disabled because it doesn't support the given collection type.
33 [4131797824] INFO perfrun.launcher <> - plugin [] was disabled because it doesn't support the given collection type.
33 [4132329216] INFO perfrun.launcher <> - Application exit code: 0
33 [4132329216] INFO perfrun.launcher <> - Exit code: 0
